2026-04-08 15:44:42 - __main__ - INFO - Starting MiniMORPH processing...
2026-04-08 15:44:42 - __main__ - INFO - Input: /input/sub-UNITE_SLAM_001_ses-unknown_rec-mrr_T2.nii.gz
2026-04-08 15:44:42 - __main__ - INFO - Age template: 24M
2026-04-08 15:44:42 - __main__ - INFO - Output directory: /output
2026-04-08 15:44:42 - __main__ - INFO - Work directory: /tmp/minimorph_work
2026-04-08 15:44:42 - __main__ - INFO - Subject ID: sub-UNITE_SLAM_001_ses-unknown_rec-mrr_T2
2026-04-08 15:44:42 - __main__ - INFO - Running in Apptainer/Singularity container
2026-04-08 15:44:42 - __main__ - INFO - Starting main processing pipeline...
2026-04-08 15:44:42 - utils.command_line - INFO - Executing command: 
 b a s h   / o p t / m i n i m o r p h / a p p / m a i n . s h   / i n p u t / s u b - U N I T E _ S L A M _ 0 0 1 _ s e s - u n k n o w n _ r e c - m r r _ T 2 . n i i . g z   2 4 M 


2026-04-08 15:45:51 - utils.command_line - INFO - Command return code: 1
2026-04-08 15:45:51 - utils.command_line - ERROR - + . /opt/conda/etc/fslconf/fsl.sh
++ '[' -f /opt/conda/etc/fslversion ']'
++ export PATH=/opt/conda/share/fsl/bin:/opt/minimorph/bin:/opt/conda/bin:/usr/local/freesurfer/bin:/usr/local/freesurfer/fsfast/bin:/usr/local/freesurfer/tktools:/usr/local/freesurfer/mni/bin:/usr/local/sbin:/usr/local/bin:/usr/sbin:/usr/bin:/sbin:/bin
++ PATH=/opt/conda/share/fsl/bin:/opt/minimorph/bin:/opt/conda/bin:/usr/local/freesurfer/bin:/usr/local/freesurfer/fsfast/bin:/usr/local/freesurfer/tktools:/usr/local/freesurfer/mni/bin:/usr/local/sbin:/usr/local/bin:/usr/sbin:/usr/bin:/sbin:/bin
++ export FSLOUTPUTTYPE=NIFTI_GZ
++ FSLOUTPUTTYPE=NIFTI_GZ
++ export FSLMULTIFILEQUIT=TRUE
++ FSLMULTIFILEQUIT=TRUE
++ export FSLTCLSH=/opt/conda/bin/fsltclsh
++ FSLTCLSH=/opt/conda/bin/fsltclsh
++ export FSLWISH=/opt/conda/bin/fslwish
++ FSLWISH=/opt/conda/bin/fslwish
++ export FSL_LOAD_NIFTI_EXTENSIONS=0
++ FSL_LOAD_NIFTI_EXTENSIONS=0
++ export FSL_SKIP_GLOBAL=0
++ FSL_SKIP_GLOBAL=0
++ '[' -f /usr/local/etc/fslconf/fsl.sh ']'
++ '[' -f /etc/fslconf/fsl.sh ']'
++ '[' -f /root//.fslconf/fsl.sh ']'
+ input_file=/input/sub-UNITE_SLAM_001_ses-unknown_rec-mrr_T2.nii.gz
+ age=24M
+ MINIMORPH_BASE=/opt/minimorph
+ WORK_DIR=/tmp/minimorph_work
+ OUTPUT_DIR=/output
+ TEMPLATE_DIR=/opt/minimorph/app/templates/24M/
+ CONTAINER='[minimorph]'
+ template=/opt/minimorph/app/templates/24M//template_24M_degibbs_padded.nii.gz
+ template_mask=/opt/minimorph/app/templates/24M//brainMask.nii.gz
+ mkdir -p /tmp/minimorph_work
+ mkdir -p /output
+ echo 'Container base directory: /opt/minimorph'
+ echo 'Template directory: /opt/minimorph/app/templates/24M/'
+ echo 'Work directory: /tmp/minimorph_work'
+ echo 'Output directory: /output'
+ [[ ! -d /opt/minimorph/app/templates/24M/ ]]
+ ls -ltra /opt/minimorph/app/templates/24M/
+ [[ -e /input/sub-UNITE_SLAM_001_ses-unknown_rec-mrr_T2.nii.gz ]]
+ echo '[minimorph]  Input file found: /input/sub-UNITE_SLAM_001_ses-unknown_rec-mrr_T2.nii.gz'
+ [[ /input/sub-UNITE_SLAM_001_ses-unknown_rec-mrr_T2.nii.gz == *.nii ]]
+ [[ /input/sub-UNITE_SLAM_001_ses-unknown_rec-mrr_T2.nii.gz == *.nii.gz ]]
+ type=.nii.gz
++ basename /input/sub-UNITE_SLAM_001_ses-unknown_rec-mrr_T2.nii.gz
+ native_img=sub-UNITE_SLAM_001_ses-unknown_rec-mrr_T2.nii.gz
+ native_img=sub-UNITE_SLAM_001_ses-unknown_rec-mrr_T2
+ echo -e '\n --- Step 1: Register image to template --- '
+ native_bet_image=/tmp/minimorph_work/native_bet_image.nii.gz
+ native_brain_mask=/tmp/minimorph_work/native_brain_mask.nii.gz
+ input_file_DN=/tmp/minimorph_work/DN.nii.gz
+ input_file_BC=/tmp/minimorph_work/DN_BC.nii.gz
+ DenoiseImage -i /input/sub-UNITE_SLAM_001_ses-unknown_rec-mrr_T2.nii.gz -o /tmp/minimorph_work/DN.nii.gz
+ N4BiasFieldCorrection -i /tmp/minimorph_work/DN.nii.gz -o /tmp/minimorph_work/DN_BC.nii.gz
+ mri_synthstrip -i /tmp/minimorph_work/DN_BC.nii.gz -o /tmp/minimorph_work/native_bet_image.nii.gz -m /tmp/minimorph_work/native_brain_mask.nii.gz -b 2
+ sync
+ echo 'BET image and mask created'
+ ls /tmp/minimorph_work/native_bet_image.nii.gz /tmp/minimorph_work/native_brain_mask.nii.gz
+ echo '***'
+ sleep 3
+ echo 'Registering native BET image to template brain'
+ echo -e '\n Run SyN registration'
+ ants antsRegistration -d 3 --float 1 ' '
/opt/minimorph/app/main.sh: line 128: ants: command not found
+ --output '[/tmp/minimorph_work/bet_,/tmp/minimorph_work/bet_Warped.nii.gz]' ' '
/opt/minimorph/app/main.sh: line 129: --output: command not found
+ --use-histogram-matching 1 ' '
/opt/minimorph/app/main.sh: line 130: --use-histogram-matching: command not found
+ --initial-moving-transform '[/opt/minimorph/app/templates/24M//template_24M_degibbs_padded.nii.gz,/tmp/minimorph_work/native_bet_image.nii.gz,1]' ' '
/opt/minimorph/app/main.sh: line 131: --initial-moving-transform: command not found
+ --transform 'Rigid[0.1]' ' '
/opt/minimorph/app/main.sh: line 132: --transform: command not found
+ --metric 'MI[/opt/minimorph/app/templates/24M//template_24M_degibbs_padded.nii.gz,/tmp/minimorph_work/native_bet_image.nii.gz,1,64,Regular,0.25]' ' '
/opt/minimorph/app/main.sh: line 133: --metric: command not found
+ --convergence '[1000x1000x500x250,1e-6,10]' ' '
/opt/minimorph/app/main.sh: line 134: --convergence: command not found
+ --shrink-factors 8x6x4x2 ' '
/opt/minimorph/app/main.sh: line 135: --shrink-factors: command not found
+ --smoothing-sigmas 4x3x2x1mm ' '
/opt/minimorph/app/main.sh: line 136: --smoothing-sigmas: command not found
+ --transform 'Affine[0.1]' ' '
/opt/minimorph/app/main.sh: line 137: --transform: command not found
+ --metric 'MI[/opt/minimorph/app/templates/24M//template_24M_degibbs_padded.nii.gz,/tmp/minimorph_work/native_bet_image.nii.gz,1,64,Regular,0.25]' ' '
/opt/minimorph/app/main.sh: line 138: --metric: command not found
+ --convergence '[1000x1000x500x250,1e-6,10]' ' '
/opt/minimorph/app/main.sh: line 139: --convergence: command not found
+ --shrink-factors 8x6x4x2 ' '
/opt/minimorph/app/main.sh: line 140: --shrink-factors: command not found
+ --smoothing-sigmas 4x3x2x1mm ' '
/opt/minimorph/app/main.sh: line 141: --smoothing-sigmas: command not found
+ --transform 'SyN[0.1,' 3, '0]' ' '
/opt/minimorph/app/main.sh: line 142: --transform: command not found
+ --metric 'CC[/opt/minimorph/app/templates/24M//template_24M_degibbs_padded.nii.gz,/tmp/minimorph_work/native_bet_image.nii.gz,1,4]' ' '
/opt/minimorph/app/main.sh: line 143: --metric: command not found
+ --convergence '[100x100x70x50,1e-6,10]' ' '
/opt/minimorph/app/main.sh: line 144: --convergence: command not found
+ --shrink-factors 6x4x2x1 ' '
/opt/minimorph/app/main.sh: line 145: --shrink-factors: command not found
+ --smoothing-sigmas 3x2x1x0mm ' '
/opt/minimorph/app/main.sh: line 146: --smoothing-sigmas: command not found
+ --masks '[/opt/minimorph/app/templates/24M//brainMask.nii.gz,/tmp/minimorph_work/native_brain_mask.nii.gz]' ' '
/opt/minimorph/app/main.sh: line 147: --masks: command not found
+ --interpolation BSpline
/opt/minimorph/app/main.sh: line 148: --interpolation: command not found
+ sync
+ sleep 3
+ echo 'antsRegistrationSyN done'
+ echo '***'
+ echo -e '\n --- Step 2: Apply registration to segmentation priors --- '
++ ls '/tmp/minimorph_work/bet*GenericAffine.mat'
ls: cannot access '/tmp/minimorph_work/bet*GenericAffine.mat': No such file or directory
+ AFFINE_TRANSFORM=
++ ls '/tmp/minimorph_work/bet*Warp.nii.gz'
ls: cannot access '/tmp/minimorph_work/bet*Warp.nii.gz': No such file or directory
+ WARP=
++ ls '/tmp/minimorph_work/bet*InverseWarp.nii.gz'
ls: cannot access '/tmp/minimorph_work/bet*InverseWarp.nii.gz': No such file or directory
+ INVERSE_WARP=
+ echo 'Transforming priors to native space for segmentation'
+ items=("${TEMPLATE_DIR}/prior1_scale.nii.gz" "${TEMPLATE_DIR}/prior2_scale.nii.gz" "${TEMPLATE_DIR}/prior3_scale.nii.gz")
+ for item in "${items[@]}"
++ basename /opt/minimorph/app/templates/24M//prior1_scale.nii.gz .nii.gz
+ item_name=prior1_scale
+ output_prior=prior1_scale.nii.gz
+ echo '*** Transforming /opt/minimorph/app/templates/24M//prior1_scale.nii.gz ***'
+ echo '*** Output: /tmp/minimorph_work/prior1_scale.nii.gz ***'
+ antsApplyTransforms -d 3 -i /opt/minimorph/app/templates/24M//prior1_scale.nii.gz -r /tmp/minimorph_work/native_bet_image.nii.gz -o /tmp/minimorph_work/prior1_scale.nii.gz -t '[,1]' -t ''
Transform file does not exist: 
+ sync
+ echo 'prior1_scale transformed and saved to prior1_scale.nii.gz'
+ for item in "${items[@]}"
++ basename /opt/minimorph/app/templates/24M//prior2_scale.nii.gz .nii.gz
+ item_name=prior2_scale
+ output_prior=prior2_scale.nii.gz
+ echo '*** Transforming /opt/minimorph/app/templates/24M//prior2_scale.nii.gz ***'
+ echo '*** Output: /tmp/minimorph_work/prior2_scale.nii.gz ***'
+ antsApplyTransforms -d 3 -i /opt/minimorph/app/templates/24M//prior2_scale.nii.gz -r /tmp/minimorph_work/native_bet_image.nii.gz -o /tmp/minimorph_work/prior2_scale.nii.gz -t '[,1]' -t ''
Transform file does not exist: 
+ sync
+ echo 'prior2_scale transformed and saved to prior2_scale.nii.gz'
+ for item in "${items[@]}"
++ basename /opt/minimorph/app/templates/24M//prior3_scale.nii.gz .nii.gz
+ item_name=prior3_scale
+ output_prior=prior3_scale.nii.gz
+ echo '*** Transforming /opt/minimorph/app/templates/24M//prior3_scale.nii.gz ***'
+ echo '*** Output: /tmp/minimorph_work/prior3_scale.nii.gz ***'
+ antsApplyTransforms -d 3 -i /opt/minimorph/app/templates/24M//prior3_scale.nii.gz -r /tmp/minimorph_work/native_bet_image.nii.gz -o /tmp/minimorph_work/prior3_scale.nii.gz -t '[,1]' -t ''
Transform file does not exist: 
+ sync
+ echo 'prior3_scale transformed and saved to prior3_scale.nii.gz'
+ echo 'Transforming masks to native space'
+ items=("${TEMPLATE_DIR}/ventricles_mask_0p55mm.nii.gz" "${TEMPLATE_DIR}/BCP_mask_padded_0p55mm.nii.gz" "${TEMPLATE_DIR}/cerebellum_mask_dilate_clean_padded_0p55mm.nii.gz" "${TEMPLATE_DIR}/callosum_mask_relabelled_padded_0p55mm.nii.gz" "${TEMPLATE_DIR}/brainstem_mask_dilate_clean_padded_0p55mm.nii.gz")
+ for item in "${items[@]}"
++ basename /opt/minimorph/app/templates/24M//ventricles_mask_0p55mm.nii.gz .nii.gz
+ item_name=ventricles_mask_0p55mm
+ output_mask=ventricles_mask_0p55mm.nii.gz
+ antsApplyTransforms -d 3 -i /opt/minimorph/app/templates/24M//ventricles_mask_0p55mm.nii.gz -r /tmp/minimorph_work/native_bet_image.nii.gz -o /tmp/minimorph_work/ventricles_mask_0p55mm.nii.gz -n NearestNeighbor -t '[,1]' -t ''
Transform file does not exist: 
+ echo 'Error: Failed to transform /opt/minimorph/app/templates/24M//ventricles_mask_0p55mm.nii.gz'
+ exit 1

2026-04-08 15:45:51 - __main__ - ERROR - Processing failed: The following command has failed: 
bash /opt/minimorph/app/main.sh /input/sub-UNITE_SLAM_001_ses-unknown_rec-mrr_T2.nii.gz 24M
