Using container runtime: apptainer
Starting MiniMORPH processing...
Job ID: 6253696
Subject ID: sub-UNITE_SLAM_001_ses-unknown_rec-mrr_T2
Age template: 24M
Input: /home/k2252514/mini-test/sub-UNITE_SLAM_001_ses-unknown_rec-mrr_T2.nii.gz
Output: /home/k2252514/mini-test/output
Work directory: /home/k2252514/mini-test
Container: apptainer
Container base directory: /opt/minimorph
Template directory: /opt/minimorph/app/templates/24M/
Work directory: /tmp/minimorph_work
Output directory: /output
total 75243
-rw-rw----. 1 k2252514 k2252514 31556103 Apr  8 14:30 prior2_scale.nii.gz
-rw-rw----. 1 k2252514 k2252514   606656 Apr  8 14:30 cerebellum_mask_dilate_clean_padded_0p55mm.nii.gz
-rw-rw----. 1 k2252514 k2252514   539790 Apr  8 14:30 brainstem_mask_dilate_clean_padded_0p55mm.nii.gz
-rw-rw----. 1 k2252514 k2252514   313664 Apr  8 14:30 ventricles_mask_0p55mm.nii.gz
-rwxrwx---. 1 k2252514 k2252514  1605631 Apr  8 14:30 template_24M_degibbs_padded.nii.gz
-rw-rw----. 1 k2252514 k2252514 11552338 Apr  8 14:30 prior3_scale.nii.gz
-rw-rw----. 1 k2252514 k2252514 28612127 Apr  8 14:30 prior1_scale.nii.gz
-rw-rw----. 1 k2252514 k2252514   549960 Apr  8 14:30 callosum_mask_relabelled_padded_0p55mm.nii.gz
-rw-rw----. 1 k2252514 k2252514  1143849 Apr  8 14:30 brainMask.nii.gz
-rw-rw----. 1 k2252514 k2252514   569907 Apr  8 14:30 BCP_mask_padded_0p55mm.nii.gz
drwxrwx---. 7 k2252514 k2252514        0 Apr  8 14:30 ..
drwxrwx---. 2 k2252514 k2252514        0 Apr  8 14:30 .
[minimorph]  Input file found: /input/sub-UNITE_SLAM_001_ses-unknown_rec-mrr_T2.nii.gz

 --- Step 1: Register image to template ---
Configuring model on the CPU
Running SynthStrip model version 1
Input image read from: /tmp/minimorph_work/DN_BC.nii.gz
Processing frame (of 1): 1 done
Masked image saved to: /tmp/minimorph_work/native_bet_image.nii.gz
Binary brain mask saved to: /tmp/minimorph_work/native_brain_mask.nii.gz

If you use SynthStrip in your analysis, please cite:
----------------------------------------------------
SynthStrip: Skull-Stripping for Any Brain Image
A Hoopes, JS Mora, AV Dalca, B Fischl, M Hoffmann
NeuroImage 206 (2022), 119474
https://doi.org/10.1016/j.neuroimage.2022.119474

Website: https://w3id.org/synthstrip

BET image and mask created
/tmp/minimorph_work/native_bet_image.nii.gz
/tmp/minimorph_work/native_brain_mask.nii.gz
***
Registering native BET image to template brain

 Run SyN registration
antsRegistrationSyN done
***

 --- Step 2: Apply registration to segmentation priors ---
Transforming priors to native space for segmentation
*** Transforming /opt/minimorph/app/templates/24M//prior1_scale.nii.gz ***
*** Output: /tmp/minimorph_work/prior1_scale.nii.gz ***
prior1_scale transformed and saved to prior1_scale.nii.gz
*** Transforming /opt/minimorph/app/templates/24M//prior2_scale.nii.gz ***
*** Output: /tmp/minimorph_work/prior2_scale.nii.gz ***
prior2_scale transformed and saved to prior2_scale.nii.gz
*** Transforming /opt/minimorph/app/templates/24M//prior3_scale.nii.gz ***
*** Output: /tmp/minimorph_work/prior3_scale.nii.gz ***
prior3_scale transformed and saved to prior3_scale.nii.gz
Transforming masks to native space
Error: Failed to transform /opt/minimorph/app/templates/24M//ventricles_mask_0p55mm.nii.gz
Error: MiniMORPH processing failed
